<?xml version="1.0" encoding="UTF-8"?>
<!-- Generated by org.testng.reporters.JUnitXMLReporter -->
<testsuite ignored="0" hostname="DESKTOP-7K5SAQT" failures="0" tests="18" name="Default test" time="0.28" errors="0" timestamp="2022-06-06T09:31:20 IST">
  <testcase classname="Falg.falg7" name="ft1" time="0.023"/>
  <testcase classname="Falg.falg7" name="ft2" time="0.005"/>
  <testcase classname="Falg.falg7" name="ft3" time="0.006"/>
  <testcase classname="Falg.falg7" name="ft4" time="0.004"/>
  <testcase classname="Falg.falg7" name="ft5" time="0.004"/>
  <testcase classname="Falg.falg7" name="ft6" time="0.002"/>
  <testcase classname="Falg.falg7" name="it1" time="0.003"/>
  <testcase classname="Falg.falg7" name="it2" time="0.002"/>
  <testcase classname="Falg.falg7" name="it3" time="0.003"/>
  <testcase classname="Falg.falg7" name="it4" time="0.003"/>
  <testcase classname="Falg.falg7" name="it5" time="0.004"/>
  <testcase classname="Falg.falg7" name="it6" time="0.004"/>
  <testcase classname="Falg.falg7" name="st1" time="0.002"/>
  <testcase classname="Falg.falg7" name="st2" time="0.002"/>
  <testcase classname="Falg.falg7" name="st3" time="0.002"/>
  <testcase classname="Falg.falg7" name="st4" time="0.002"/>
  <testcase classname="Falg.falg7" name="st5" time="0.004"/>
  <testcase classname="Falg.falg7" name="st6" time="0.001"/>
</testsuite> <!-- Default test -->
