<?xml version="1.0" encoding="UTF-8"?>
<testng-results ignored="0" total="2" passed="2" failed="0" skipped="0">
  <reporter-output>
    <line>
      <![CDATA[sumo class method]]>
    </line>
    <line>
      <![CDATA[demo class method]]>
    </line>
  </reporter-output>
  <suite started-at="2022-06-06T09:35:02 IST" name="Suite" finished-at="2022-06-06T09:35:02 IST" duration-ms="97">
    <groups>
    </groups>
    <test started-at="2022-06-06T09:35:02 IST" name="Test" finished-at="2022-06-06T09:35:02 IST" duration-ms="97">
      <class name="testngpack.Sumo">
        <test-method signature="f()[pri:0, instance:testngpack.Sumo@6b8ca3c8]" started-at="2022-06-06T09:35:02 IST" name="f" finished-at="2022-06-06T09:35:02 IST" duration-ms="16" status="PASS">
          <reporter-output>
            <line>
              <![CDATA[sumo class method]]>
            </line>
          </reporter-output>
        </test-method> <!-- f -->
      </class> <!-- testngpack.Sumo -->
      <class name="testngpack.Demo">
        <test-method signature="f()[pri:0, instance:testngpack.Demo@44821a96]" started-at="2022-06-06T09:35:02 IST" name="f" finished-at="2022-06-06T09:35:02 IST" duration-ms="2" status="PASS">
          <reporter-output>
            <line>
              <![CDATA[demo class method]]>
            </line>
          </reporter-output>
        </test-method> <!-- f -->
      </class> <!-- testngpack.Demo -->
    </test> <!-- Test -->
  </suite> <!-- Suite -->
</testng-results>
